This is pdfTeX, Version 3.141592653-2.6-1.40.26 (TeX Live 2024) (preloaded format=pdflatex)
 restricted \write18 enabled.
entering extended mode
(./templates/outputs/buketic/output/NRPLAoutput.tex
LaTeX2e <2023-11-01> patch level 1
L3 programming layer <2024-02-20>
(/usr/local/texlive/2024/texmf-dist/tex/latex/base/article.cls
Document Class: article 2023/05/17 v1.4n Standard LaTeX document class
(/usr/local/texlive/2024/texmf-dist/tex/latex/base/size11.clo))
(/usr/local/texlive/2024/texmf-dist/tex/latex/base/inputenc.sty)
(/usr/local/texlive/2024/texmf-dist/tex/latex/base/fontenc.sty)
(/usr/local/texlive/2024/texmf-dist/tex/generic/babel/babel.sty
(/usr/local/texlive/2024/texmf-dist/tex/generic/babel/txtbabel.def)
(/usr/local/texlive/2024/texmf-dist/tex/generic/babel-russian/russianb.ldf

Package babel Warning: No Cyrillic font encoding has been loaded so far.
(babel)                A font encoding should be declared before babel.
(babel)                Default `T2A' encoding will be loaded  on input line 78.


(/usr/local/texlive/2024/texmf-dist/tex/latex/cyrillic/t2aenc.def
(/usr/local/texlive/2024/texmf-dist/tex/latex/base/t2aenc.dfu))))
(/usr/local/texlive/2024/texmf-dist/tex/generic/babel/locale/ru/babel-russian.t
ex) (/usr/local/texlive/2024/texmf-dist/tex/latex/geometry/geometry.sty
(/usr/local/texlive/2024/texmf-dist/tex/latex/graphics/keyval.sty)
(/usr/local/texlive/2024/texmf-dist/tex/generic/iftex/ifvtex.sty
(/usr/local/texlive/2024/texmf-dist/tex/generic/iftex/iftex.sty)))
(/usr/local/texlive/2024/texmf-dist/tex/latex/titlesec/titlesec.sty)
(/usr/local/texlive/2024/texmf-dist/tex/latex/l3backend/l3backend-pdftex.def)
(templates/outputs/buketic/output/NRPLAoutput.aux
(/usr/local/texlive/2024/texmf-dist/tex/latex/cyrillic/t2acmr.fd))
*geometry* driver: auto-detecting
*geometry* detected driver: pdftex

Overfull \hbox (1.41537pt too wide) in paragraph at lines 57--59
\T2A/cmr/m/n/10.95 ствен-ной де-€-тель-но-сти јрен-да-то-ра с ис-поль-зо-ва-ни-
ем арен-до-ван-но-го стро-е-ни€ при-над-ле-жат јрен-
[1{/usr/local/texlive/2024/texmf-var/fonts/map/pdftex/updmap/pdftex.map}{/usr/l
ocal/texlive/2024/texmf-dist/fonts/enc/dvips/cm-super/cm-super-t2a.enc}]
(templates/outputs/buketic/output/NRPLAoutput.aux) )
(see the transcript file for additional information)</usr/local/texlive/2024/te
xmf-dist/fonts/type1/public/cm-super/sfbx1095.pfb></usr/local/texlive/2024/texm
f-dist/fonts/type1/public/cm-super/sfbx1200.pfb></usr/local/texlive/2024/texmf-
dist/fonts/type1/public/cm-super/sfrm1095.pfb></usr/local/texlive/2024/texmf-di
st/fonts/type1/public/cm-super/sfti1095.pfb>
Output written on templates/outputs/buketic/output/NRPLAoutput.pdf (1 page, 675
95 bytes).
Transcript written on templates/outputs/buketic/output/NRPLAoutput.log.
